<?xml version="1.0" encoding="UTF-8"?>
<!-- Generated by org.testng.reporters.JUnitReportReporter -->
<testsuite skipped="0" hostname="RGGYSLT-0483" name="com.dhisco.product.discovery.testcases.CountAndValidateShoppingMessagesIT" tests="1" failures="0" timestamp="10 Jul 2020 20:25:08 GMT" time="1.587" errors="0">
  <testcase name="countAndValidateShoppingMessages" time="1.587" classname="com.dhisco.product.discovery.testcases.CountAndValidateShoppingMessagesIT"/>
</testsuite> <!-- com.dhisco.product.discovery.testcases.CountAndValidateShoppingMessagesIT -->
