<?xml version="1.0" encoding="UTF-8"?>
<!-- Generated by org.testng.reporters.JUnitReportReporter -->
<testsuite skipped="0" hostname="RGGYSLT-0483" name="com.dhisco.product.discovery.testcases.CountAndValidateShoppingMessagesIT" tests="1" failures="0" timestamp="09 Jul 2020 20:28:55 GMT" time="65.276" errors="0">
  <testcase name="countAndValidateShoppingMessages" time="65.276" classname="com.dhisco.product.discovery.testcases.CountAndValidateShoppingMessagesIT"/>
</testsuite> <!-- com.dhisco.product.discovery.testcases.CountAndValidateShoppingMessagesIT -->
