<?xml version="1.0" encoding="UTF-8"?>
<!-- Generated by org.testng.reporters.JUnitReportReporter -->
<testsuite skipped="0" hostname="RGGYSLT-0483" name="product.discovery.LoggingTestRunner" tests="1" failures="0" timestamp="07 Jul 2020 20:35:17 GMT" time="0.014" errors="0">
  <testcase name="loggingTest" time="0.014" classname="product.discovery.LoggingTestRunner"/>
</testsuite> <!-- product.discovery.LoggingTestRunner -->
